2020-06-09 00:05:46,527 INFO [root] [test_emp_params.py(test01_login_success:24)] 登录成功的结果为：{'success': True, 'code': 10000, 'message': '操作成功！', 'data': 'd422322e-3693-40f2-a931-5fba8e239b6f'}
2020-06-09 00:05:46,542 INFO [root] [test_emp_params.py(test01_login_success:29)] 保存到全局变量中的请求头为：{'Content-Type': 'application/json', 'Authorization': 'Bearer d422322e-3693-40f2-a931-5fba8e239b6f'}
2020-06-09 00:05:46,662 INFO [root] [test_emp_params.py(test02_add_emp:39)] 添加员工的结果为：{'success': True, 'code': 10000, 'message': '操作成功！', 'data': {'id': '1270024326833242112'}}
2020-06-09 00:05:46,663 INFO [root] [test_emp_params.py(test02_add_emp:43)] 保存到全局变量中的员工id为：1270024326833242112
2020-06-09 00:05:46,780 INFO [root] [test_emp_params.py(test03_query_emp:50)] 查询员工的结果为：{'success': True, 'code': 10000, 'message': '操作成功！', 'data': {'id': '1270024326833242112', 'mobile': '13475937398', 'username': '阿里巴巴马云', 'password': '51ff1cf1d433586e5e3d5ebb93d71c2e', 'enableState': 1, 'createTime': None, 'companyId': '1', 'companyName': '传智播客', 'departmentId': '1063678149528784896', 'timeOfEntry': '2020-05-05T00:00:00.000+0000', 'formOfEmployment': 1, 'workNumber': None, 'formOfManagement': None, 'workingCity': None, 'correctionTime': '2020-05-30T16:00:00.000+0000', 'inServiceStatus': None, 'departmentName': '测试部', 'roleIds': [], 'staffPhoto': None}}
2020-06-09 00:05:46,900 INFO [root] [test_emp_params.py(test04_modify_emp:56)] 修改员工的结果为：{'success': True, 'code': 10000, 'message': '操作成功！', 'data': {'id': '1270024326833242112'}}
2020-06-09 00:05:47,023 INFO [root] [test_emp_params.py(test05_delete_emp:62)] 删除员工的结果为：{'success': True, 'code': 10000, 'message': '操作成功！', 'data': None}
2020-06-09 00:13:03,675 INFO [root] [test_emp_params.py(test01_login_success:24)] 登录成功的结果为：{'success': True, 'code': 10000, 'message': '操作成功！', 'data': 'f8bd1fdd-1816-4779-aeba-3208437f9ec0'}
2020-06-09 00:13:03,676 INFO [root] [test_emp_params.py(test01_login_success:29)] 保存到全局变量中的请求头为：{'Content-Type': 'application/json', 'Authorization': 'Bearer f8bd1fdd-1816-4779-aeba-3208437f9ec0'}
2020-06-09 00:13:03,807 INFO [root] [test_emp_params.py(test02_add_emp:39)] 添加员工的结果为：{'success': True, 'code': 10000, 'message': '操作成功！', 'data': {'id': '1270026160343875584'}}
2020-06-09 00:13:03,807 INFO [root] [test_emp_params.py(test02_add_emp:43)] 保存到全局变量中的员工id为：1270026160343875584
2020-06-09 00:13:03,925 INFO [root] [test_emp_params.py(test03_query_emp:50)] 查询员工的结果为：{'success': True, 'code': 10000, 'message': '操作成功！', 'data': {'id': '1270026160343875584', 'mobile': '13475967398', 'username': '阿里巴巴马云', 'password': '571baaab8b1dede59015fdc390bdcc55', 'enableState': 1, 'createTime': None, 'companyId': '1', 'companyName': '传智播客', 'departmentId': '1063678149528784896', 'timeOfEntry': '2020-05-05T00:00:00.000+0000', 'formOfEmployment': 1, 'workNumber': None, 'formOfManagement': None, 'workingCity': None, 'correctionTime': '2020-05-30T16:00:00.000+0000', 'inServiceStatus': None, 'departmentName': '测试部', 'roleIds': [], 'staffPhoto': None}}
2020-06-09 00:13:04,046 INFO [root] [test_emp_params.py(test04_modify_emp:57)] 修改员工的结果为：{'success': True, 'code': 10000, 'message': '操作成功！', 'data': {'id': '1270026160343875584'}}
2020-06-09 00:13:04,164 INFO [root] [test_emp_params.py(test05_delete_emp:64)] 删除员工的结果为：{'success': True, 'code': 10000, 'message': '操作成功！', 'data': None}
2020-06-09 00:34:01,248 INFO [root] [test_login_params.py(test_login:23)] 测试用例《登录成功》的结果为：{'success': True, 'code': 10000, 'message': '操作成功！', 'data': 'f1241fab-7788-4cdd-b04c-213d203f0450'}
2020-06-09 00:34:01,365 INFO [root] [test_login_params.py(test_login:23)] 测试用例《手机号码为空》的结果为：{'success': False, 'code': 20001, 'message': '用户名或密码错误', 'data': None}
2020-06-09 00:34:01,487 INFO [root] [test_login_params.py(test_login:23)] 测试用例《密码为空》的结果为：{'success': False, 'code': 20001, 'message': '用户名或密码错误', 'data': None}
2020-06-09 00:34:01,607 INFO [root] [test_login_params.py(test_login:23)] 测试用例《手机号码不存在》的结果为：{'success': False, 'code': 20001, 'message': '用户名或密码错误', 'data': None}
2020-06-09 00:34:01,719 INFO [root] [test_login_params.py(test_login:23)] 测试用例《密码错误》的结果为：{'success': False, 'code': 20001, 'message': '用户名或密码错误', 'data': None}
2020-06-09 00:34:01,829 INFO [root] [test_login_params.py(test_login:23)] 测试用例《无参》的结果为：{'success': False, 'code': 20001, 'message': '用户名或密码错误', 'data': None}
2020-06-09 00:34:01,946 INFO [root] [test_login_params.py(test_login:23)] 测试用例《传入null》的结果为：{'success': False, 'code': 99999, 'message': '抱歉，系统繁忙，请稍后重试！', 'data': None}
2020-06-09 00:34:02,062 INFO [root] [test_login_params.py(test_login:23)] 测试用例《多参》的结果为：{'success': True, 'code': 10000, 'message': '操作成功！', 'data': 'b446b395-4339-4b66-a155-2fa18d256c08'}
2020-06-09 00:34:02,174 INFO [root] [test_login_params.py(test_login:23)] 测试用例《少参-缺少mobile》的结果为：{'success': False, 'code': 20001, 'message': '用户名或密码错误', 'data': None}
2020-06-09 00:34:02,285 INFO [root] [test_login_params.py(test_login:23)] 测试用例《少参-缺少password》的结果为：{'success': False, 'code': 20001, 'message': '用户名或密码错误', 'data': None}
2020-06-09 00:34:02,395 INFO [root] [test_login_params.py(test_login:23)] 测试用例《错误参数》的结果为：{'success': False, 'code': 20001, 'message': '用户名或密码错误', 'data': None}
2020-06-09 00:34:03,517 INFO [root] [test_emp_params.py(test01_login_success:24)] 登录成功的结果为：{'success': True, 'code': 10000, 'message': '操作成功！', 'data': 'a5c7e35f-03d3-4846-b05c-d4b412be0e8f'}
2020-06-09 00:34:03,518 INFO [root] [test_emp_params.py(test01_login_success:29)] 保存到全局变量中的请求头为：{'Content-Type': 'application/json', 'Authorization': 'Bearer a5c7e35f-03d3-4846-b05c-d4b412be0e8f'}
2020-06-09 00:34:03,639 INFO [root] [test_emp_params.py(test02_add_emp:39)] 添加员工的结果为：{'success': True, 'code': 10000, 'message': '操作成功！', 'data': {'id': '1270031444462272512'}}
2020-06-09 00:34:03,641 INFO [root] [test_emp_params.py(test02_add_emp:43)] 保存到全局变量中的员工id为：1270031444462272512
2020-06-09 00:34:03,764 INFO [root] [test_emp_params.py(test03_query_emp:50)] 查询员工的结果为：{'success': True, 'code': 10000, 'message': '操作成功！', 'data': {'id': '1270031444462272512', 'mobile': '13475967398', 'username': '阿里巴巴马云', 'password': '571baaab8b1dede59015fdc390bdcc55', 'enableState': 1, 'createTime': None, 'companyId': '1', 'companyName': '传智播客', 'departmentId': '1063678149528784896', 'timeOfEntry': '2020-05-05T00:00:00.000+0000', 'formOfEmployment': 1, 'workNumber': None, 'formOfManagement': None, 'workingCity': None, 'correctionTime': '2020-05-30T16:00:00.000+0000', 'inServiceStatus': None, 'departmentName': '测试部', 'roleIds': [], 'staffPhoto': None}}
2020-06-09 00:34:03,886 INFO [root] [test_emp_params.py(test04_modify_emp:57)] 修改员工的结果为：{'success': True, 'code': 10000, 'message': '操作成功！', 'data': {'id': '1270031444462272512'}}
2020-06-09 00:34:05,007 INFO [root] [test_emp_params.py(test05_delete_emp:64)] 删除员工的结果为：{'success': True, 'code': 10000, 'message': '操作成功！', 'data': None}
2020-06-09 00:36:45,423 INFO [root] [test_login_params.py(test_login:23)] 测试用例《登录成功》的结果为：{'success': True, 'code': 10000, 'message': '操作成功！', 'data': 'fed220f6-ce02-4e57-9f01-2fbaad054ffb'}
2020-06-09 00:36:45,539 INFO [root] [test_login_params.py(test_login:23)] 测试用例《手机号码为空》的结果为：{'success': False, 'code': 20001, 'message': '用户名或密码错误', 'data': None}
2020-06-09 00:36:45,652 INFO [root] [test_login_params.py(test_login:23)] 测试用例《密码为空》的结果为：{'success': False, 'code': 20001, 'message': '用户名或密码错误', 'data': None}
2020-06-09 00:36:45,768 INFO [root] [test_login_params.py(test_login:23)] 测试用例《手机号码不存在》的结果为：{'success': False, 'code': 20001, 'message': '用户名或密码错误', 'data': None}
2020-06-09 00:36:45,883 INFO [root] [test_login_params.py(test_login:23)] 测试用例《密码错误》的结果为：{'success': False, 'code': 20001, 'message': '用户名或密码错误', 'data': None}
2020-06-09 00:36:45,994 INFO [root] [test_login_params.py(test_login:23)] 测试用例《无参》的结果为：{'success': False, 'code': 20001, 'message': '用户名或密码错误', 'data': None}
2020-06-09 00:36:46,108 INFO [root] [test_login_params.py(test_login:23)] 测试用例《传入null》的结果为：{'success': False, 'code': 99999, 'message': '抱歉，系统繁忙，请稍后重试！', 'data': None}
2020-06-09 00:36:46,232 INFO [root] [test_login_params.py(test_login:23)] 测试用例《多参》的结果为：{'success': True, 'code': 10000, 'message': '操作成功！', 'data': '05c6d326-aa89-40bb-8285-e679dca0165a'}
2020-06-09 00:36:46,347 INFO [root] [test_login_params.py(test_login:23)] 测试用例《少参-缺少mobile》的结果为：{'success': False, 'code': 20001, 'message': '用户名或密码错误', 'data': None}
2020-06-09 00:36:46,456 INFO [root] [test_login_params.py(test_login:23)] 测试用例《少参-缺少password》的结果为：{'success': False, 'code': 20001, 'message': '用户名或密码错误', 'data': None}
2020-06-09 00:36:46,570 INFO [root] [test_login_params.py(test_login:23)] 测试用例《错误参数》的结果为：{'success': False, 'code': 20001, 'message': '用户名或密码错误', 'data': None}
2020-06-09 00:36:46,689 INFO [root] [test_emp_params.py(test01_login_success:24)] 登录成功的结果为：{'success': True, 'code': 10000, 'message': '操作成功！', 'data': 'ba261bde-9687-480a-a335-398aa7340183'}
2020-06-09 00:36:46,690 INFO [root] [test_emp_params.py(test01_login_success:29)] 保存到全局变量中的请求头为：{'Content-Type': 'application/json', 'Authorization': 'Bearer ba261bde-9687-480a-a335-398aa7340183'}
2020-06-09 00:36:46,813 INFO [root] [test_emp_params.py(test02_add_emp:39)] 添加员工的结果为：{'success': True, 'code': 10000, 'message': '操作成功！', 'data': {'id': '1270032128859439104'}}
2020-06-09 00:36:46,814 INFO [root] [test_emp_params.py(test02_add_emp:43)] 保存到全局变量中的员工id为：1270032128859439104
2020-06-09 00:36:46,928 INFO [root] [test_emp_params.py(test03_query_emp:50)] 查询员工的结果为：{'success': True, 'code': 10000, 'message': '操作成功！', 'data': {'id': '1270032128859439104', 'mobile': '13475967398', 'username': '阿里巴巴马云', 'password': '571baaab8b1dede59015fdc390bdcc55', 'enableState': 1, 'createTime': None, 'companyId': '1', 'companyName': '传智播客', 'departmentId': '1063678149528784896', 'timeOfEntry': '2020-05-05T00:00:00.000+0000', 'formOfEmployment': 1, 'workNumber': None, 'formOfManagement': None, 'workingCity': None, 'correctionTime': '2020-05-30T16:00:00.000+0000', 'inServiceStatus': None, 'departmentName': '测试部', 'roleIds': [], 'staffPhoto': None}}
2020-06-09 00:36:47,052 INFO [root] [test_emp_params.py(test04_modify_emp:57)] 修改员工的结果为：{'success': True, 'code': 10000, 'message': '操作成功！', 'data': {'id': '1270032128859439104'}}
2020-06-09 00:36:47,170 INFO [root] [test_emp_params.py(test05_delete_emp:64)] 删除员工的结果为：{'success': True, 'code': 10000, 'message': '操作成功！', 'data': None}
